[0508/181224.283:ERROR:process_memory_win.cc(73)] ReadMemory at 0x7ff674240000 of 64 bytes failed: Only part of a ReadProcessMemory or WriteProcessMemory request was completed. (0x12B)
[0508/181225.775:WARNING:pe_image_reader.cc(340)] could not read dos header from C:\Program Files (x86)\Google\Chrome\Application\chrome.exe
[0508/181225.775:ERROR:process_memory_win.cc(73)] ReadMemory at 0x7fff59b30000 of 64 bytes failed: Only part of a ReadProcessMemory or WriteProcessMemory request was completed. (0x12B)
[0508/181225.775:WARNING:pe_image_reader.cc(340)] could not read dos header from C:\WINDOWS\SYSTEM32\ntdll.dll
[0508/181225.775:ERROR:process_memory_win.cc(73)] ReadMemory at 0x7fff56fc0000 of 64 bytes failed: Only part of a ReadProcessMemory or WriteProcessMemory request was completed. (0x12B)
[0508/181225.836:WARNING:pe_image_reader.cc(340)] could not read dos header from C:\WINDOWS\System32\KERNEL32.DLL
[0508/181225.836:ERROR:process_memory_win.cc(73)] ReadMemory at 0x7fff564a0000 of 64 bytes failed: Only part of a ReadProcessMemory or WriteProcessMemory request was completed. (0x12B)
[0508/181225.836:WARNING:pe_image_reader.cc(340)] could not read dos header from C:\WINDOWS\System32\KERNELBASE.dll
[0508/181225.836:ERROR:process_memory_win.cc(73)] ReadMemory at 0x7fff54120000 of 64 bytes failed: Only part of a ReadProcessMemory or WriteProcessMemory request was completed. (0x12B)
[0508/181225.836:WARNING:pe_image_reader.cc(340)] could not read dos header from C:\WINDOWS\SYSTEM32\apphelp.dll
[0508/181225.836:ERROR:process_memory_win.cc(73)] ReadMemory at 0x7fff580f0000 of 64 bytes failed: Only part of a ReadProcessMemory or WriteProcessMemory request was completed. (0x12B)
[0508/181225.836:WARNING:pe_image_reader.cc(340)] could not read dos header from C:\WINDOWS\System32\SHELL32.dll
[0508/181225.836:ERROR:process_memory_win.cc(73)] ReadMemory at 0x7fff57090000 of 64 bytes failed: Only part of a ReadProcessMemory or WriteProcessMemory request was completed. (0x12B)
[0508/181225.836:WARNING:pe_image_reader.cc(340)] could not read dos header from C:\WINDOWS\System32\msvcrt.dll
[0508/181225.836:ERROR:process_memory_win.cc(73)] ReadMemory at 0x7fff55f20000 of 64 bytes failed: Only part of a ReadProcessMemory or WriteProcessMemory request was completed. (0x12B)
[0508/181225.837:WARNING:pe_image_reader.cc(340)] could not read dos header from C:\WINDOWS\System32\cfgmgr32.dll
[0508/181225.837:ERROR:process_memory_win.cc(73)] ReadMemory at 0x7fff55f70000 of 64 bytes failed: Only part of a ReadProcessMemory or WriteProcessMemory request was completed. (0x12B)
[0508/181225.837:WARNING:pe_image_reader.cc(340)] could not read dos header from C:\WINDOWS\System32\ucrtbase.dll
[0508/181225.837:ERROR:process_memory_win.cc(73)] ReadMemory at 0x7fff59530000 of 64 bytes failed: Only part of a ReadProcessMemory or WriteProcessMemory request was completed. (0x12B)
[0508/181225.837:WARNING:pe_image_reader.cc(340)] could not read dos header from C:\WINDOWS\System32\shcore.dll
[0508/181225.837:ERROR:process_memory_win.cc(73)] ReadMemory at 0x7fff57620000 of 64 bytes failed: Only part of a ReadProcessMemory or WriteProcessMemory request was completed. (0x12B)
[0508/181225.837:WARNING:pe_image_reader.cc(340)] could not read dos header from C:\WINDOWS\System32\RPCRT4.dll
[0508/181225.837:ERROR:process_memory_win.cc(73)] ReadMemory at 0x7fff57c20000 of 64 bytes failed: Only part of a ReadProcessMemory or WriteProcessMemory request was completed. (0x12B)
[0508/181225.837:WARNING:pe_image_reader.cc(340)] could not read dos header from C:\WINDOWS\System32\combase.dll
[0508/181225.837:ERROR:process_memory_win.cc(73)] ReadMemory at 0x7fff56720000 of 64 bytes failed: Only part of a ReadProcessMemory or WriteProcessMemory request was completed. (0x12B)
[0508/181225.837:WARNING:pe_image_reader.cc(340)] could not read dos header from C:\WINDOWS\System32\bcryptPrimitives.dll
[0508/181225.837:ERROR:process_memory_win.cc(73)] ReadMemory at 0x7fff568b0000 of 64 bytes failed: Only part of a ReadProcessMemory or WriteProcessMemory request was completed. (0x12B)
[0508/181225.837:WARNING:pe_image_reader.cc(340)] could not read dos header from C:\WINDOWS\System32\windows.storage.dll
[0508/181225.837:ERROR:process_memory_win.cc(73)] ReadMemory at 0x7fff57b50000 of 64 bytes failed: Only part of a ReadProcessMemory or WriteProcessMemory request was completed. (0x12B)
[0508/181225.838:WARNING:pe_image_reader.cc(340)] could not read dos header from C:\WINDOWS\System32\advapi32.dll
[0508/181225.838:ERROR:process_memory_win.cc(73)] ReadMemory at 0x7fff57390000 of 64 bytes failed: Only part of a ReadProcessMemory or WriteProcessMemory request was completed. (0x12B)
[0508/181225.838:WARNING:pe_image_reader.cc(340)] could not read dos header from C:\WINDOWS\System32\sechost.dll
[0508/181225.838:ERROR:process_memory_win.cc(73)] ReadMemory at 0x7fff575c0000 of 64 bytes failed: Only part of a ReadProcessMemory or WriteProcessMemory request was completed. (0x12B)
[0508/181225.838:WARNING:pe_image_reader.cc(340)] could not read dos header from C:\WINDOWS\System32\shlwapi.dll
[0508/181225.838:ERROR:process_memory_win.cc(73)] ReadMemory at 0x7fff57ac0000 of 64 bytes failed: Only part of a ReadProcessMemory or WriteProcessMemory request was completed. (0x12B)
[0508/181225.838:WARNING:pe_image_reader.cc(340)] could not read dos header from C:\WINDOWS\System32\GDI32.dll
[0508/181225.838:ERROR:process_memory_win.cc(73)] ReadMemory at 0x7fff56300000 of 64 bytes failed: Only part of a ReadProcessMemory or WriteProcessMemory request was completed. (0x12B)
[0508/181225.838:WARNING:pe_image_reader.cc(340)] could not read dos header from C:\WINDOWS\System32\gdi32full.dll
[0508/181225.838:ERROR:process_memory_win.cc(73)] ReadMemory at 0x7fff56260000 of 64 bytes failed: Only part of a ReadProcessMemory or WriteProcessMemory request was completed. (0x12B)
[0508/181225.838:WARNING:pe_image_reader.cc(340)] could not read dos header from C:\WINDOWS\System32\msvcp_win.dll
[0508/181225.838:ERROR:process_memory_win.cc(73)] ReadMemory at 0x7fff57750000 of 64 bytes failed: Only part of a ReadProcessMemory or WriteProcessMemory request was completed. (0x12B)
[0508/181225.838:WARNING:pe_image_reader.cc(340)] could not read dos header from C:\WINDOWS\System32\USER32.dll
[0508/181225.838:ERROR:process_memory_win.cc(73)] ReadMemory at 0x7fff55f00000 of 64 bytes failed: Only part of a ReadProcessMemory or WriteProcessMemory request was completed. (0x12B)
[0508/181225.838:WARNING:pe_image_reader.cc(340)] could not read dos header from C:\WINDOWS\System32\win32u.dll
[0508/181225.838:ERROR:process_memory_win.cc(73)] ReadMemory at 0x7fff55ee0000 of 64 bytes failed: Only part of a ReadProcessMemory or WriteProcessMemory request was completed. (0x12B)
[0508/181225.838:WARNING:pe_image_reader.cc(340)] could not read dos header from C:\WINDOWS\System32\kernel.appcore.dll
[0508/181225.839:ERROR:process_memory_win.cc(73)] ReadMemory at 0x7fff55e70000 of 64 bytes failed: Only part of a ReadProcessMemory or WriteProcessMemory request was completed. (0x12B)
[0508/181225.839:WARNING:pe_image_reader.cc(340)] could not read dos header from C:\WINDOWS\System32\profapi.dll
[0508/181225.839:ERROR:process_memory_win.cc(73)] ReadMemory at 0x7fff55e90000 of 64 bytes failed: Only part of a ReadProcessMemory or WriteProcessMemory request was completed. (0x12B)
[0508/181225.839:WARNING:pe_image_reader.cc(340)] could not read dos header from C:\WINDOWS\System32\powrprof.dll
[0508/181225.839:ERROR:process_memory_win.cc(73)] ReadMemory at 0x7fff55e40000 of 64 bytes failed: Only part of a ReadProcessMemory or WriteProcessMemory request was completed. (0x12B)
[0508/181225.839:WARNING:pe_image_reader.cc(340)] could not read dos header from C:\WINDOWS\System32\FLTLIB.DLL
[0508/181225.839:ERROR:process_memory_win.cc(73)] ReadMemory at 0x7fff36ab0000 of 64 bytes failed: Only part of a ReadProcessMemory or WriteProcessMemory request was completed. (0x12B)
[0508/181225.839:WARNING:pe_image_reader.cc(340)] could not read dos header from C:\Program Files (x86)\Google\Chrome\Application\74.0.3729.131\chrome_elf.dll
[0508/181225.839:ERROR:process_memory_win.cc(73)] ReadMemory at 0x7fff45af0000 of 64 bytes failed: Only part of a ReadProcessMemory or WriteProcessMemory request was completed. (0x12B)
[0508/181225.839:WARNING:pe_image_reader.cc(340)] could not read dos header from C:\WINDOWS\SYSTEM32\VERSION.dll
[0508/181225.839:ERROR:process_memory_win.cc(73)] ReadMemory at 0x7fff53df0000 of 64 bytes failed: Only part of a ReadProcessMemory or WriteProcessMemory request was completed. (0x12B)
[0508/181225.839:WARNING:pe_image_reader.cc(340)] could not read dos header from C:\WINDOWS\SYSTEM32\WINMM.dll
[0508/181225.839:ERROR:process_memory_win.cc(73)] ReadMemory at 0x7fff55d40000 of 64 bytes failed: Only part of a ReadProcessMemory or WriteProcessMemory request was completed. (0x12B)
[0508/181225.839:WARNING:pe_image_reader.cc(340)] could not read dos header from C:\WINDOWS\SYSTEM32\USERENV.dll
[0508/181225.840:ERROR:process_memory_win.cc(73)] ReadMemory at 0x7fff53dc0000 of 64 bytes failed: Only part of a ReadProcessMemory or WriteProcessMemory request was completed. (0x12B)
[0508/181225.840:WARNING:pe_image_reader.cc(340)] could not read dos header from C:\WINDOWS\SYSTEM32\WINMMBASE.dll
[0508/181225.840:ERROR:process_memory_win.cc(73)] ReadMemory at 0x7fff55830000 of 64 bytes failed: Only part of a ReadProcessMemory or WriteProcessMemory request was completed. (0x12B)
[0508/181225.840:WARNING:pe_image_reader.cc(340)] could not read dos header from C:\WINDOWS\SYSTEM32\CRYPTBASE.DLL
[0508/181225.840:ERROR:process_memory_win.cc(73)] ReadMemory at 0x7fff572b0000 of 64 bytes failed: Only part of a ReadProcessMemory or WriteProcessMemory request was completed. (0x12B)
[0508/181225.840:WARNING:pe_image_reader.cc(340)] could not read dos header from C:\WINDOWS\System32\IMM32.DLL
[0508/181225.840:ERROR:process_memory_win.cc(73)] ReadMemory at 0x7ffeec7e0000 of 64 bytes failed: Only part of a ReadProcessMemory or WriteProcessMemory request was completed. (0x12B)
[0508/181225.840:WARNING:pe_image_reader.cc(340)] could not read dos header from C:\Program Files (x86)\Google\Chrome\Application\74.0.3729.131\chrome_child.dll
[0508/181225.840:ERROR:process_memory_win.cc(73)] ReadMemory at 0x7fff59640000 of 64 bytes failed: Only part of a ReadProcessMemory or WriteProcessMemory request was completed. (0x12B)
[0508/181225.840:WARNING:pe_image_reader.cc(340)] could not read dos header from C:\WINDOWS\System32\WS2_32.dll
[0508/181225.840:ERROR:process_memory_win.cc(73)] ReadMemory at 0x7fff57960000 of 64 bytes failed: Only part of a ReadProcessMemory or WriteProcessMemory request was completed. (0x12B)
[0508/181225.840:WARNING:pe_image_reader.cc(340)] could not read dos header from C:\WINDOWS\System32\ole32.dll
[0508/181225.840:ERROR:process_memory_win.cc(73)] ReadMemory at 0x7fff57400000 of 64 bytes failed: Only part of a ReadProcessMemory or WriteProcessMemory request was completed. (0x12B)
[0508/181225.840:WARNING:pe_image_reader.cc(340)] could not read dos header from C:\WINDOWS\System32\OLEAUT32.dll
[0508/181225.840:ERROR:process_memory_win.cc(73)] ReadMemory at 0x7fff56850000 of 64 bytes failed: Only part of a ReadProcessMemory or WriteProcessMemory request was completed. (0x12B)
[0508/181225.840:WARNING:pe_image_reader.cc(340)] could not read dos header from C:\WINDOWS\System32\WINTRUST.dll
[0508/181225.841:ERROR:process_memory_win.cc(73)] ReadMemory at 0x7fff55e50000 of 64 bytes failed: Only part of a ReadProcessMemory or WriteProcessMemory request was completed. (0x12B)
[0508/181225.841:WARNING:pe_image_reader.cc(340)] could not read dos header from C:\WINDOWS\System32\MSASN1.dll
[0508/181225.841:ERROR:process_memory_win.cc(73)] ReadMemory at 0x7fff56070000 of 64 bytes failed: Only part of a ReadProcessMemory or WriteProcessMemory request was completed. (0x12B)
[0508/181225.841:WARNING:pe_image_reader.cc(340)] could not read dos header from C:\WINDOWS\System32\CRYPT32.dll
[0508/181225.841:ERROR:process_memory_win.cc(73)] ReadMemory at 0x7fff574d0000 of 64 bytes failed: Only part of a ReadProcessMemory or WriteProcessMemory request was completed. (0x12B)
[0508/181225.841:WARNING:pe_image_reader.cc(340)] could not read dos header from C:\WINDOWS\System32\COMDLG32.dll
[0508/181225.841:ERROR:process_memory_win.cc(73)] ReadMemory at 0x7fff553e0000 of 64 bytes failed: Only part of a ReadProcessMemory or WriteProcessMemory request was completed. (0x12B)
[0508/181225.841:WARNING:pe_image_reader.cc(340)] could not read dos header from C:\WINDOWS\SYSTEM32\IPHLPAPI.DLL
[0508/181225.841:ERROR:process_memory_win.cc(73)] ReadMemory at 0x7fff41370000 of 64 bytes failed: Only part of a ReadProcessMemory or WriteProcessMemory request was completed. (0x12B)
[0508/181225.841:WARNING:pe_image_reader.cc(340)] could not read dos header from C:\WINDOWS\SYSTEM32\OLEACC.dll
[0508/181225.841:ERROR:process_memory_win.cc(73)] ReadMemory at 0x7fff37450000 of 64 bytes failed: Only part of a ReadProcessMemory or WriteProcessMemory request was completed. (0x12B)
[0508/181225.841:WARNING:pe_image_reader.cc(340)] could not read dos header from C:\WINDOWS\SYSTEM32\UIAutomationCore.DLL
[0508/181225.841:ERROR:process_memory_win.cc(73)] ReadMemory at 0x7fff52a20000 of 64 bytes failed: Only part of a ReadProcessMemory or WriteProcessMemory request was completed. (0x12B)
[0508/181225.841:WARNING:pe_image_reader.cc(340)] could not read dos header from C:\WINDOWS\SYSTEM32\WTSAPI32.dll
[0508/181225.841:ERROR:process_memory_win.cc(73)] ReadMemory at 0x7fff4fc40000 of 64 bytes failed: Only part of a ReadProcessMemory or WriteProcessMemory request was completed. (0x12B)
[0508/181225.841:WARNING:pe_image_reader.cc(340)] could not read dos header from C:\WINDOWS\SYSTEM32\DWrite.dll
[0508/181225.841:ERROR:process_memory_win.cc(73)] ReadMemory at 0x7fff54be0000 of 64 bytes failed: Only part of a ReadProcessMemory or WriteProcessMemory request was completed. (0x12B)
[0508/181225.842:WARNING:pe_image_reader.cc(340)] could not read dos header from C:\WINDOWS\SYSTEM32\dxgi.dll
[0508/181225.842:ERROR:process_memory_win.cc(73)] ReadMemory at 0x7fff41010000 of 64 bytes failed: Only part of a ReadProcessMemory or WriteProcessMemory request was completed. (0x12B)
[0508/181225.842:WARNING:pe_image_reader.cc(340)] could not read dos header from C:\WINDOWS\SYSTEM32\WINSPOOL.DRV
[0508/181225.842:ERROR:process_memory_win.cc(73)] ReadMemory at 0x7fff44930000 of 64 bytes failed: Only part of a ReadProcessMemory or WriteProcessMemory request was completed. (0x12B)
[0508/181225.842:WARNING:pe_image_reader.cc(340)] could not read dos header from C:\WINDOWS\SYSTEM32\dbghelp.dll
[0508/181225.842:ERROR:process_memory_win.cc(73)] ReadMemory at 0x7fff424a0000 of 64 bytes failed: Only part of a ReadProcessMemory or WriteProcessMemory request was completed. (0x12B)
[0508/181225.842:WARNING:pe_image_reader.cc(340)] could not read dos header from C:\WINDOWS\WinSxS\amd64_microsoft.windows.common-controls_6595b64144ccf1df_6.0.17134.706_none_fb43a2cb30647007\COMCTL32.dll
[0508/181225.842:ERROR:process_memory_win.cc(73)] ReadMemory at 0x7fff51100000 of 64 bytes failed: Only part of a ReadProcessMemory or WriteProcessMemory request was completed. (0x12B)
[0508/181225.842:WARNING:pe_image_reader.cc(340)] could not read dos header from C:\WINDOWS\SYSTEM32\USP10.dll
[0508/181225.842:ERROR:process_memory_win.cc(73)] ReadMemory at 0x7fff4b220000 of 64 bytes failed: Only part of a ReadProcessMemory or WriteProcessMemory request was completed. (0x12B)
[0508/181225.842:WARNING:pe_image_reader.cc(340)] could not read dos header from C:\WINDOWS\SYSTEM32\WINHTTP.dll
[0508/181225.842:ERROR:process_memory_win.cc(73)] ReadMemory at 0x7fff480c0000 of 64 bytes failed: Only part of a ReadProcessMemory or WriteProcessMemory request was completed. (0x12B)
[0508/181225.842:WARNING:pe_image_reader.cc(340)] could not read dos header from C:\WINDOWS\SYSTEM32\urlmon.dll
[0508/181225.842:ERROR:process_memory_win.cc(73)] ReadMemory at 0x7fff45a40000 of 64 bytes failed: Only part of a ReadProcessMemory or WriteProcessMemory request was completed. (0x12B)
[0508/181225.842:WARNING:pe_image_reader.cc(340)] could not read dos header from C:\WINDOWS\SYSTEM32\Secur32.dll
[0508/181225.842:ERROR:process_memory_win.cc(73)] ReadMemory at 0x7fff4b710000 of 64 bytes failed: Only part of a ReadProcessMemory or WriteProcessMemory request was completed. (0x12B)
[0508/181225.843:WARNING:pe_image_reader.cc(340)] could not read dos header from C:\WINDOWS\SYSTEM32\dhcpcsvc.DLL
[0508/181225.843:ERROR:process_memory_win.cc(73)] ReadMemory at 0x7fff572e0000 of 64 bytes failed: Only part of a ReadProcessMemory or WriteProcessMemory request was completed. (0x12B)
[0508/181225.843:WARNING:pe_image_reader.cc(340)] could not read dos header from C:\WINDOWS\System32\NSI.dll
[0508/181225.843:ERROR:process_memory_win.cc(73)] ReadMemory at 0x7fff52820000 of 64 bytes failed: Only part of a ReadProcessMemory or WriteProcessMemory request was completed. (0x12B)
[0508/181225.843:WARNING:pe_image_reader.cc(340)] could not read dos header from C:\WINDOWS\SYSTEM32\PROPSYS.dll
[0508/181225.843:ERROR:process_memory_win.cc(73)] ReadMemory at 0x7fff55940000 of 64 bytes failed: Only part of a ReadProcessMemory or WriteProcessMemory request was completed. (0x12B)
[0508/181225.843:WARNING:pe_image_reader.cc(340)] could not read dos header from C:\WINDOWS\SYSTEM32\bcrypt.dll
[0508/181225.843:ERROR:process_memory_win.cc(73)] ReadMemory at 0x7fff4a720000 of 64 bytes failed: Only part of a ReadProcessMemory or WriteProcessMemory request was completed. (0x12B)
[0508/181225.843:WARNING:pe_image_reader.cc(340)] could not read dos header from C:\WINDOWS\SYSTEM32\iertutil.dll
[0508/181225.843:ERROR:process_memory_win.cc(73)] ReadMemory at 0x7fff55d70000 of 64 bytes failed: Only part of a ReadProcessMemory or WriteProcessMemory request was completed. (0x12B)
[0508/181225.843:WARNING:pe_image_reader.cc(340)] could not read dos header from C:\WINDOWS\SYSTEM32\SSPICLI.DLL
[0508/181225.843:ERROR:process_memory_win.cc(73)] ReadMemory at 0x7fff596b0000 of 64 bytes failed: Only part of a ReadProcessMemory or WriteProcessMemory request was completed. (0x12B)
[0508/181225.843:WARNING:pe_image_reader.cc(340)] could not read dos header from C:\WINDOWS\System32\SETUPAPI.dll
[0508/181225.843:ERROR:process_memory_win.cc(73)] ReadMemory at 0x7fff55bf0000 of 64 bytes failed: Only part of a ReadProcessMemory or WriteProcessMemory request was completed. (0x12B)
[0508/181225.843:WARNING:pe_image_reader.cc(340)] could not read dos header from C:\WINDOWS\SYSTEM32\DEVOBJ.dll
[0508/181225.843:ERROR:process_memory_win.cc(73)] ReadMemory at 0x7fff3ec80000 of 64 bytes failed: Only part of a ReadProcessMemory or WriteProcessMemory request was completed. (0x12B)
[0508/181225.844:WARNING:pe_image_reader.cc(340)] could not read dos header from C:\WINDOWS\SYSTEM32\mf.dll
[0508/181225.844:ERROR:process_memory_win.cc(73)] ReadMemory at 0x7fff49520000 of 64 bytes failed: Only part of a ReadProcessMemory or WriteProcessMemory request was completed. (0x12B)
[0508/181225.844:WARNING:pe_image_reader.cc(340)] could not read dos header from C:\WINDOWS\SYSTEM32\mfplat.dll
[0508/181225.844:ERROR:process_memory_win.cc(73)] ReadMemory at 0x7fff4ddc0000 of 64 bytes failed: Only part of a ReadProcessMemory or WriteProcessMemory request was completed. (0x12B)
[0508/181225.844:WARNING:pe_image_reader.cc(340)] could not read dos header from C:\WINDOWS\SYSTEM32\RTWorkQ.DLL
[0508/181225.844:ERROR:process_memory_win.cc(73)] ReadMemory at 0x7fff23580000 of 64 bytes failed: Only part of a ReadProcessMemory or WriteProcessMemory request was completed. (0x12B)
[0508/181225.844:WARNING:pe_image_reader.cc(340)] could not read dos header from C:\WINDOWS\SYSTEM32\msmpeg2vdec.dll
[0508/181225.844:ERROR:process_memory_win.cc(73)] ReadMemory at 0x7fff2c7d0000 of 64 bytes failed: Only part of a ReadProcessMemory or WriteProcessMemory request was completed. (0x12B)
[0508/181225.844:WARNING:pe_image_reader.cc(340)] could not read dos header from C:\WINDOWS\SYSTEM32\mfperfhelper.dll
[0508/181225.844:ERROR:process_memory_win.cc(73)] ReadMemory at 0x7fff55810000 of 64 bytes failed: Only part of a ReadProcessMemory or WriteProcessMemory request was completed. (0x12B)
[0508/181225.844:WARNING:pe_image_reader.cc(340)] could not read dos header from C:\WINDOWS\SYSTEM32\cryptsp.dll
[0508/181225.844:ERROR:process_memory_win.cc(73)] ReadMemory at 0x7fff4e0d0000 of 64 bytes failed: Only part of a ReadProcessMemory or WriteProcessMemory request was completed. (0x12B)
[0508/181225.844:WARNING:pe_image_reader.cc(340)] could not read dos header from C:\WINDOWS\SYSTEM32\dxva2.dll
[0508/181225.844:ERROR:process_memory_win.cc(73)] ReadMemory at 0x7fff35e00000 of 64 bytes failed: Only part of a ReadProcessMemory or WriteProcessMemory request was completed. (0x12B)
[0508/181225.844:WARNING:pe_image_reader.cc(340)] could not read dos header from C:\WINDOWS\SYSTEM32\msvproc.dll
[0508/181225.844:ERROR:process_memory_win.cc(73)] ReadMemory at 0x7fff4db60000 of 64 bytes failed: Only part of a ReadProcessMemory or WriteProcessMemory request was completed. (0x12B)
[0508/181225.845:WARNING:pe_image_reader.cc(340)] could not read dos header from C:\WINDOWS\SYSTEM32\CompPkgSup.DLL
[0508/181225.845:ERROR:process_memory_win.cc(73)] ReadMemory at 0x7fff50790000 of 64 bytes failed: Only part of a ReadProcessMemory or WriteProcessMemory request was completed. (0x12B)
[0508/181225.845:WARNING:pe_image_reader.cc(340)] could not read dos header from C:\WINDOWS\SYSTEM32\D3DCompiler_47.dll
[0508/181225.845:ERROR:process_memory_win.cc(73)] ReadMemory at 0x7fff1e710000 of 64 bytes failed: Only part of a ReadProcessMemory or WriteProcessMemory request was completed. (0x12B)
[0508/181225.845:WARNING:pe_image_reader.cc(340)] could not read dos header from C:\Program Files (x86)\Google\Chrome\Application\74.0.3729.131\libglesv2.dll
[0508/181225.845:ERROR:process_memory_win.cc(73)] ReadMemory at 0x7fff2c030000 of 64 bytes failed: Only part of a ReadProcessMemory or WriteProcessMemory request was completed. (0x12B)
[0508/181225.845:WARNING:pe_image_reader.cc(340)] could not read dos header from C:\WINDOWS\SYSTEM32\d3d9.dll
[0508/181225.845:ERROR:process_memory_win.cc(73)] ReadMemory at 0x7fff545b0000 of 64 bytes failed: Only part of a ReadProcessMemory or WriteProcessMemory request was completed. (0x12B)
[0508/181225.845:WARNING:pe_image_reader.cc(340)] could not read dos header from C:\WINDOWS\SYSTEM32\dwmapi.dll
[0508/181225.845:ERROR:process_memory_win.cc(73)] ReadMemory at 0x7fff41260000 of 64 bytes failed: Only part of a ReadProcessMemory or WriteProcessMemory request was completed. (0x12B)
[0508/181225.845:WARNING:pe_image_reader.cc(340)] could not read dos header from C:\Program Files (x86)\Google\Chrome\Application\74.0.3729.131\libegl.dll
[0508/181225.845:ERROR:process_memory_win.cc(73)] ReadMemory at 0x7fff50bc0000 of 64 bytes failed: Only part of a ReadProcessMemory or WriteProcessMemory request was completed. (0x12B)
[0508/181225.845:WARNING:pe_image_reader.cc(340)] could not read dos header from C:\WINDOWS\SYSTEM32\d3d11.dll
[0508/181225.845:ERROR:process_memory_win.cc(73)] ReadMemory at 0x7fff539e0000 of 64 bytes failed: Only part of a ReadProcessMemory or WriteProcessMemory request was completed. (0x12B)
[0508/181225.845:WARNING:pe_image_reader.cc(340)] could not read dos header from C:\WINDOWS\SYSTEM32\dcomp.dll
[0508/181225.845:ERROR:process_memory_win.cc(73)] ReadMemory at 0x7fff33e10000 of 64 bytes failed: Only part of a ReadProcessMemory or WriteProcessMemory request was completed. (0x12B)
[0508/181225.846:WARNING:pe_image_reader.cc(340)] could not read dos header from C:\WINDOWS\System32\DriverStore\FileRepository\igdlh64.inf_amd64_5f27f588e5eaa413\igd10iumd64.dll
[0508/181225.846:ERROR:process_memory_win.cc(73)] ReadMemory at 0x7fff55910000 of 64 bytes failed: Only part of a ReadProcessMemory or WriteProcessMemory request was completed. (0x12B)
[0508/181225.846:WARNING:pe_image_reader.cc(340)] could not read dos header from C:\WINDOWS\SYSTEM32\ncrypt.dll
[0508/181225.846:ERROR:process_memory_win.cc(73)] ReadMemory at 0x7fff558d0000 of 64 bytes failed: Only part of a ReadProcessMemory or WriteProcessMemory request was completed. (0x12B)
[0508/181225.846:WARNING:pe_image_reader.cc(340)] could not read dos header from C:\WINDOWS\SYSTEM32\NTASN1.dll
[0508/181225.846:ERROR:process_memory_win.cc(73)] ReadMemory at 0x7fff32800000 of 64 bytes failed: Only part of a ReadProcessMemory or WriteProcessMemory request was completed. (0x12B)
[0508/181225.846:WARNING:pe_image_reader.cc(340)] could not read dos header from C:\WINDOWS\System32\DriverStore\FileRepository\igdlh64.inf_amd64_5f27f588e5eaa413\igc64.dll
[0508/181225.846:ERROR:process_memory_win.cc(73)] ReadMemory at 0x7fff572f0000 of 64 bytes failed: Only part of a ReadProcessMemory or WriteProcessMemory request was completed. (0x12B)
[0508/181225.846:WARNING:pe_image_reader.cc(340)] could not read dos header from C:\WINDOWS\System32\clbcatq.dll
[0508/181225.846:ERROR:process_memory_win.cc(73)] ReadMemory at 0x7fff521c0000 of 64 bytes failed: Only part of a ReadProcessMemory or WriteProcessMemory request was completed. (0x12B)
[0508/181225.846:WARNING:pe_image_reader.cc(340)] could not read dos header from C:\Windows\System32\WinTypes.dll
[0508/181225.846:ERROR:process_memory_win.cc(73)] ReadMemory at 0x7fff49ef0000 of 64 bytes failed: Only part of a ReadProcessMemory or WriteProcessMemory request was completed. (0x12B)
[0508/181225.846:WARNING:pe_image_reader.cc(340)] could not read dos header from C:\WINDOWS\SYSTEM32\rometadata.dll
[0508/181225.846:ERROR:process_memory_win.cc(73)] ReadMemory at 0x7fff029b0000 of 64 bytes failed: Only part of a ReadProcessMemory or WriteProcessMemory request was completed. (0x12B)
[0508/181225.847:WARNING:pe_image_reader.cc(340)] could not read dos header from C:\WINDOWS\System32\DriverStore\FileRepository\igdlh64.inf_amd64_5f27f588e5eaa413\igd11dxva64.dll
[0508/181225.847:ERROR:process_memory_win.cc(73)] ReadMemory at 0x7fff2fd10000 of 64 bytes failed: Only part of a ReadProcessMemory or WriteProcessMemory request was completed. (0x12B)
[0508/181225.847:WARNING:pe_image_reader.cc(340)] could not read dos header from C:\Windows\System32\mfh264enc.dll
[0508/181225.847:ERROR:process_memory_win.cc(73)] ReadMemory at 0x7fff53d20000 of 64 bytes failed: Only part of a ReadProcessMemory or WriteProcessMemory request was completed. (0x12B)
[0508/181225.847:WARNING:pe_image_reader.cc(340)] could not read dos header from C:\WINDOWS\system32\uxtheme.dll
[0508/181225.847:ERROR:process_memory_win.cc(73)] ReadMemory at 0x7fff57130000 of 64 bytes failed: Only part of a ReadProcessMemory or WriteProcessMemory request was completed. (0x12B)
[0508/181225.847:WARNING:pe_image_reader.cc(340)] could not read dos header from C:\WINDOWS\System32\MSCTF.dll
[0508/181226.222:ERROR:process_memory_win.cc(73)] ReadMemory at 0x58085e7000 of 102400 bytes failed: Only part of a ReadProcessMemory or WriteProcessMemory request was completed. (0x12B)
[0508/181226.223:ERROR:process_memory_win.cc(73)] ReadMemory at 0x58089fd000 of 12288 bytes failed: Only part of a ReadProcessMemory or WriteProcessMemory request was completed. (0x12B)
[0508/181226.223:ERROR:process_memory_win.cc(73)] ReadMemory at 0x5808bfd000 of 12288 bytes failed: Only part of a ReadProcessMemory or WriteProcessMemory request was completed. (0x12B)
[0508/181226.224:ERROR:process_memory_win.cc(73)] ReadMemory at 0x5808dfd000 of 12288 bytes failed: Only part of a ReadProcessMemory or WriteProcessMemory request was completed. (0x12B)
[0508/181226.224:ERROR:process_memory_win.cc(73)] ReadMemory at 0x5808ffd000 of 12288 bytes failed: Only part of a ReadProcessMemory or WriteProcessMemory request was completed. (0x12B)
[0508/181226.224:ERROR:process_memory_win.cc(73)] ReadMemory at 0x58091fc000 of 16384 bytes failed: Only part of a ReadProcessMemory or WriteProcessMemory request was completed. (0x12B)
[0508/181226.224:ERROR:process_memory_win.cc(73)] ReadMemory at 0x58093fe000 of 8192 bytes failed: Only part of a ReadProcessMemory or WriteProcessMemory request was completed. (0x12B)
[0508/181226.224:ERROR:process_memory_win.cc(73)] ReadMemory at 0x58095fc000 of 16384 bytes failed: Only part of a ReadProcessMemory or WriteProcessMemory request was completed. (0x12B)
[0508/181226.225:ERROR:process_memory_win.cc(73)] ReadMemory at 0x5809ffd000 of 12288 bytes failed: Only part of a ReadProcessMemory or WriteProcessMemory request was completed. (0x12B)
[0508/181226.225:ERROR:process_memory_win.cc(73)] ReadMemory at 0x580a1e9000 of 94208 bytes failed: Only part of a ReadProcessMemory or WriteProcessMemory request was completed. (0x12B)
[0508/181226.225:ERROR:process_memory_win.cc(73)] ReadMemory at 0x580a3e9000 of 94208 bytes failed: Only part of a ReadProcessMemory or WriteProcessMemory request was completed. (0x12B)
[0508/181226.226:ERROR:process_memory_win.cc(73)] ReadMemory at 0x580a5e9000 of 94208 bytes failed: Only part of a ReadProcessMemory or WriteProcessMemory request was completed. (0x12B)
[0508/181226.226:ERROR:process_memory_win.cc(73)] ReadMemory at 0x58097fc000 of 16384 bytes failed: Only part of a ReadProcessMemory or WriteProcessMemory request was completed. (0x12B)
[0508/181226.226:ERROR:process_memory_win.cc(73)] ReadMemory at 0x5808398000 of 852 bytes failed: Only part of a ReadProcessMemory or WriteProcessMemory request was completed. (0x12B)
[0508/181226.227:ERROR:process_memory_win.cc(73)] ReadMemory at 0x5808399000 of 6024 bytes failed: Only part of a ReadProcessMemory or WriteProcessMemory request was completed. (0x12B)
[0508/181226.227:ERROR:process_memory_win.cc(73)] ReadMemory at 0x580839d000 of 6024 bytes failed: Only part of a ReadProcessMemory or WriteProcessMemory request was completed. (0x12B)
[0508/181226.227:ERROR:process_memory_win.cc(73)] ReadMemory at 0x580839f000 of 6024 bytes failed: Only part of a ReadProcessMemory or WriteProcessMemory request was completed. (0x12B)
[0508/181226.227:ERROR:process_memory_win.cc(73)] ReadMemory at 0x58083a1000 of 6024 bytes failed: Only part of a ReadProcessMemory or WriteProcessMemory request was completed. (0x12B)
[0508/181226.228:ERROR:process_memory_win.cc(73)] ReadMemory at 0x58083a3000 of 6024 bytes failed: Only part of a ReadProcessMemory or WriteProcessMemory request was completed. (0x12B)
[0508/181226.228:ERROR:process_memory_win.cc(73)] ReadMemory at 0x58083a5000 of 6024 bytes failed: Only part of a ReadProcessMemory or WriteProcessMemory request was completed. (0x12B)
[0508/181226.228:ERROR:process_memory_win.cc(73)] ReadMemory at 0x58083a7000 of 6024 bytes failed: Only part of a ReadProcessMemory or WriteProcessMemory request was completed. (0x12B)
[0508/181226.228:ERROR:process_memory_win.cc(73)] ReadMemory at 0x58083a9000 of 6024 bytes failed: Only part of a ReadProcessMemory or WriteProcessMemory request was completed. (0x12B)
[0508/181226.229:ERROR:process_memory_win.cc(73)] ReadMemory at 0x58083c7000 of 6024 bytes failed: Only part of a ReadProcessMemory or WriteProcessMemory request was completed. (0x12B)
[0508/181226.229:ERROR:process_memory_win.cc(73)] ReadMemory at 0x58083cb000 of 6024 bytes failed: Only part of a ReadProcessMemory or WriteProcessMemory request was completed. (0x12B)
[0508/181226.229:ERROR:process_memory_win.cc(73)] ReadMemory at 0x58083cd000 of 6024 bytes failed: Only part of a ReadProcessMemory or WriteProcessMemory request was completed. (0x12B)
[0508/181226.229:ERROR:process_memory_win.cc(73)] ReadMemory at 0x58083cf000 of 6024 bytes failed: Only part of a ReadProcessMemory or WriteProcessMemory request was completed. (0x12B)
[0508/181226.229:ERROR:process_memory_win.cc(73)] ReadMemory at 0x58083fb000 of 6024 bytes failed: Only part of a ReadProcessMemory or WriteProcessMemory request was completed. (0x12B)
[0508/181226.229:ERROR:process_memory_win.cc(73)] ReadMemory at 0x1df48970000 of 384 bytes failed: Only part of a ReadProcessMemory or WriteProcessMemory request was completed. (0x12B)
[0508/181226.230:ERROR:process_memory_win.cc(73)] ReadMemory at 0x1df48970ab0 of 512 bytes failed: Only part of a ReadProcessMemory or WriteProcessMemory request was completed. (0x12B)
[0508/181226.230:ERROR:process_memory_win.cc(73)] ReadMemory at 0x1df48970fc0 of 3646 bytes failed: Only part of a ReadProcessMemory or WriteProcessMemory request was completed. (0x12B)
[0508/181226.230:ERROR:process_memory_win.cc(73)] ReadMemory at 0x1df48971e10 of 1012 bytes failed: Only part of a ReadProcessMemory or WriteProcessMemory request was completed. (0x12B)
[0508/181226.230:ERROR:process_memory_win.cc(73)] ReadMemory at 0x1df48972428 of 118 bytes failed: Only part of a ReadProcessMemory or WriteProcessMemory request was completed. (0x12B)
[0508/181226.393:ERROR:process_memory_win.cc(73)] ReadMemory at 0x1df489724a0 of 988 bytes failed: Only part of a ReadProcessMemory or WriteProcessMemory request was completed. (0x12B)
[0508/181226.393:ERROR:process_memory_win.cc(73)] ReadMemory at 0x1df4897287e of 118 bytes failed: Only part of a ReadProcessMemory or WriteProcessMemory request was completed. (0x12B)
[0508/181226.393:ERROR:process_memory_win.cc(73)] ReadMemory at 0x1df489728f6 of 30 bytes failed: Only part of a ReadProcessMemory or WriteProcessMemory request was completed. (0x12B)
[0508/181226.393:ERROR:process_memory_win.cc(73)] ReadMemory at 0x1df48972920 of 58 bytes failed: Only part of a ReadProcessMemory or WriteProcessMemory request was completed. (0x12B)
[0508/181226.393:ERROR:process_memory_win.cc(73)] ReadMemory at 0x1df48972a20 of 132 bytes failed: Only part of a ReadProcessMemory or WriteProcessMemory request was completed. (0x12B)
[0508/181226.393:ERROR:process_memory_win.cc(73)] ReadMemory at 0x1df48972bb0 of 132 bytes failed: Only part of a ReadProcessMemory or WriteProcessMemory request was completed. (0x12B)
[0508/181226.416:ERROR:process_memory_win.cc(73)] ReadMemory at 0x1df48973150 of 132 bytes failed: Only part of a ReadProcessMemory or WriteProcessMemory request was completed. (0x12B)
[0508/181226.416:ERROR:process_memory_win.cc(73)] ReadMemory at 0x1df489732e0 of 64 bytes failed: Only part of a ReadProcessMemory or WriteProcessMemory request was completed. (0x12B)
[0508/181226.416:ERROR:process_memory_win.cc(73)] ReadMemory at 0x1df48973440 of 132 bytes failed: Only part of a ReadProcessMemory or WriteProcessMemory request was completed. (0x12B)
[0508/181226.416:ERROR:process_memory_win.cc(73)] ReadMemory at 0x1df48973640 of 62 bytes failed: Only part of a ReadProcessMemory or WriteProcessMemory request was completed. (0x12B)
[0508/181226.416:ERROR:process_memory_win.cc(73)] ReadMemory at 0x1df48973730 of 132 bytes failed: Only part of a ReadProcessMemory or WriteProcessMemory request was completed. (0x12B)
[0508/181226.417:ERROR:process_memory_win.cc(73)] ReadMemory at 0x1df489738c0 of 68 bytes failed: Only part of a ReadProcessMemory or WriteProcessMemory request was completed. (0x12B)
[0508/181226.417:ERROR:process_memory_win.cc(73)] ReadMemory at 0x1df48979d10 of 132 bytes failed: Only part of a ReadProcessMemory or WriteProcessMemory request was completed. (0x12B)
[0508/181226.417:ERROR:process_memory_win.cc(73)] ReadMemory at 0x1df48979f50 of 132 bytes failed: Only part of a ReadProcessMemory or WriteProcessMemory request was completed. (0x12B)
[0508/181226.488:ERROR:process_memory_win.cc(73)] ReadMemory at 0x1df4897a0e0 of 62 bytes failed: Only part of a ReadProcessMemory or WriteProcessMemory request was completed. (0x12B)
[0508/181226.488:ERROR:process_memory_win.cc(73)] ReadMemory at 0x1df4897b860 of 132 bytes failed: Only part of a ReadProcessMemory or WriteProcessMemory request was completed. (0x12B)
[0508/181226.488:ERROR:process_memory_win.cc(73)] ReadMemory at 0x1df4897b9f0 of 60 bytes failed: Only part of a ReadProcessMemory or WriteProcessMemory request was completed. (0x12B)
[0508/181226.488:ERROR:process_memory_win.cc(73)] ReadMemory at 0x1df4897bc40 of 132 bytes failed: Only part of a ReadProcessMemory or WriteProcessMemory request was completed. (0x12B)
[0508/181226.488:ERROR:process_memory_win.cc(73)] ReadMemory at 0x1df4897bdd0 of 64 bytes failed: Only part of a ReadProcessMemory or WriteProcessMemory request was completed. (0x12B)
[0508/181226.489:ERROR:process_memory_win.cc(73)] ReadMemory at 0x1df4897c050 of 132 bytes failed: Only part of a ReadProcessMemory or WriteProcessMemory request was completed. (0x12B)
[0508/181226.489:ERROR:process_memory_win.cc(73)] ReadMemory at 0x1df4897c1e0 of 64 bytes failed: Only part of a ReadProcessMemory or WriteProcessMemory request was completed. (0x12B)
[0508/181226.489:ERROR:process_memory_win.cc(73)] ReadMemory at 0x1df4897c230 of 152 bytes failed: Only part of a ReadProcessMemory or WriteProcessMemory request was completed. (0x12B)
[0508/181226.502:ERROR:process_memory_win.cc(73)] ReadMemory at 0x1df4897c440 of 132 bytes failed: Only part of a ReadProcessMemory or WriteProcessMemory request was completed. (0x12B)
[0508/181226.502:ERROR:process_memory_win.cc(73)] ReadMemory at 0x1df4897c5d0 of 60 bytes failed: Only part of a ReadProcessMemory or WriteProcessMemory request was completed. (0x12B)
[0508/181226.503:ERROR:process_memory_win.cc(73)] ReadMemory at 0x1df4897c8f0 of 132 bytes failed: Only part of a ReadProcessMemory or WriteProcessMemory request was completed. (0x12B)
[0508/181226.503:ERROR:process_memory_win.cc(73)] ReadMemory at 0x1df4897ca80 of 60 bytes failed: Only part of a ReadProcessMemory or WriteProcessMemory request was completed. (0x12B)
[0508/181226.503:ERROR:process_memory_win.cc(73)] ReadMemory at 0x1df4897ccc0 of 132 bytes failed: Only part of a ReadProcessMemory or WriteProcessMemory request was completed. (0x12B)
[0508/181226.503:ERROR:process_memory_win.cc(73)] ReadMemory at 0x1df4897ce50 of 62 bytes failed: Only part of a ReadProcessMemory or WriteProcessMemory request was completed. (0x12B)
[0508/181226.503:ERROR:process_memory_win.cc(73)] ReadMemory at 0x1df4897d9a0 of 132 bytes failed: Only part of a ReadProcessMemory or WriteProcessMemory request was completed. (0x12B)
[0508/181226.503:ERROR:process_memory_win.cc(73)] ReadMemory at 0x1df4897dca0 of 80 bytes failed: Only part of a ReadProcessMemory or WriteProcessMemory request was completed. (0x12B)
[0508/181226.503:ERROR:process_memory_win.cc(73)] ReadMemory at 0x1df4897de80 of 78 bytes failed: Only part of a ReadProcessMemory or WriteProcessMemory request was completed. (0x12B)
[0508/181226.503:ERROR:process_memory_win.cc(73)] ReadMemory at 0x1df4897dfa0 of 72 bytes failed: Only part of a ReadProcessMemory or WriteProcessMemory request was completed. (0x12B)
[0508/181226.537:ERROR:process_memory_win.cc(73)] ReadMemory at 0x1df4897e120 of 76 bytes failed: Only part of a ReadProcessMemory or WriteProcessMemory request was completed. (0x12B)
[0508/181226.538:ERROR:process_memory_win.cc(73)] ReadMemory at 0x1df4897e340 of 146 bytes failed: Only part of a ReadProcessMemory or WriteProcessMemory request was completed. (0x12B)
[0508/181226.538:ERROR:process_memory_win.cc(73)] ReadMemory at 0x1df4897e4d0 of 132 bytes failed: Only part of a ReadProcessMemory or WriteProcessMemory request was completed. (0x12B)
[0508/181226.538:ERROR:process_memory_win.cc(73)] ReadMemory at 0x1df4897e9b0 of 132 bytes failed: Only part of a ReadProcessMemory or WriteProcessMemory request was completed. (0x12B)
[0508/181226.538:ERROR:process_memory_win.cc(73)] ReadMemory at 0x1df4897ebd0 of 62 bytes failed: Only part of a ReadProcessMemory or WriteProcessMemory request was completed. (0x12B)
[0508/181226.538:ERROR:process_memory_win.cc(73)] ReadMemory at 0x1df4897ec20 of 66 bytes failed: Only part of a ReadProcessMemory or WriteProcessMemory request was completed. (0x12B)
[0508/181226.538:ERROR:process_memory_win.cc(73)] ReadMemory at 0x1df4897ec70 of 62 bytes failed: Only part of a ReadProcessMemory or WriteProcessMemory request was completed. (0x12B)
[0508/181226.538:ERROR:process_memory_win.cc(73)] ReadMemory at 0x1df4897ed60 of 64 bytes failed: Only part of a ReadProcessMemory or WriteProcessMemory request was completed. (0x12B)
[0508/181226.538:ERROR:process_memory_win.cc(73)] ReadMemory at 0x1df4897edb0 of 62 bytes failed: Only part of a ReadProcessMemory or WriteProcessMemory request was completed. (0x12B)
[0508/181226.539:ERROR:process_memory_win.cc(73)] ReadMemory at 0x1df4897ee00 of 58 bytes failed: Only part of a ReadProcessMemory or WriteProcessMemory request was completed. (0x12B)
[0508/181226.539:ERROR:process_memory_win.cc(73)] ReadMemory at 0x1df4897ee50 of 60 bytes failed: Only part of a ReadProcessMemory or WriteProcessMemory request was completed. (0x12B)
[0508/181226.539:ERROR:process_memory_win.cc(73)] ReadMemory at 0x1df4897eef0 of 64 bytes failed: Only part of a ReadProcessMemory or WriteProcessMemory request was completed. (0x12B)
[0508/181226.539:ERROR:process_memory_win.cc(73)] ReadMemory at 0x1df4897efe0 of 60 bytes failed: Only part of a ReadProcessMemory or WriteProcessMemory request was completed. (0x12B)
[0508/181226.539:ERROR:process_memory_win.cc(73)] ReadMemory at 0x1df4897f030 of 60 bytes failed: Only part of a ReadProcessMemory or WriteProcessMemory request was completed. (0x12B)
[0508/181226.539:ERROR:process_memory_win.cc(73)] ReadMemory at 0x1df4897f120 of 66 bytes failed: Only part of a ReadProcessMemory or WriteProcessMemory request was completed. (0x12B)
[0508/181226.539:ERROR:process_memory_win.cc(73)] ReadMemory at 0x1df4897f210 of 62 bytes failed: Only part of a ReadProcessMemory or WriteProcessMemory request was completed. (0x12B)
[0508/181226.539:ERROR:process_memory_win.cc(73)] ReadMemory at 0x1df48980410 of 132 bytes failed: Only part of a ReadProcessMemory or WriteProcessMemory request was completed. (0x12B)
[0508/181226.539:ERROR:process_memory_win.cc(73)] ReadMemory at 0x1df48980540 of 158 bytes failed: Only part of a ReadProcessMemory or WriteProcessMemory request was completed. (0x12B)
[0508/181226.540:ERROR:process_memory_win.cc(73)] ReadMemory at 0x1df48980660 of 132 bytes failed: Only part of a ReadProcessMemory or WriteProcessMemory request was completed. (0x12B)
[0508/181226.540:ERROR:process_memory_win.cc(73)] ReadMemory at 0x1df48980790 of 132 bytes failed: Only part of a ReadProcessMemory or WriteProcessMemory request was completed. (0x12B)
[0508/181226.540:ERROR:process_memory_win.cc(73)] ReadMemory at 0x1df489808c0 of 132 bytes failed: Only part of a ReadProcessMemory or WriteProcessMemory request was completed. (0x12B)
[0508/181226.540:ERROR:process_memory_win.cc(73)] ReadMemory at 0x1df489809f0 of 132 bytes failed: Only part of a ReadProcessMemory or WriteProcessMemory request was completed. (0x12B)
[0508/181226.540:ERROR:process_memory_win.cc(73)] ReadMemory at 0x1df48980b20 of 132 bytes failed: Only part of a ReadProcessMemory or WriteProcessMemory request was completed. (0x12B)
[0508/181226.540:ERROR:process_memory_win.cc(73)] ReadMemory at 0x1df48980c50 of 132 bytes failed: Only part of a ReadProcessMemory or WriteProcessMemory request was completed. (0x12B)
[0508/181226.540:ERROR:process_memory_win.cc(73)] ReadMemory at 0x1df48980d80 of 132 bytes failed: Only part of a ReadProcessMemory or WriteProcessMemory request was completed. (0x12B)
[0508/181226.541:ERROR:process_memory_win.cc(73)] ReadMemory at 0x1df48980eb0 of 132 bytes failed: Only part of a ReadProcessMemory or WriteProcessMemory request was completed. (0x12B)
[0508/181226.541:ERROR:process_memory_win.cc(73)] ReadMemory at 0x1df48980fe0 of 132 bytes failed: Only part of a ReadProcessMemory or WriteProcessMemory request was completed. (0x12B)
[0508/181226.541:ERROR:process_memory_win.cc(73)] ReadMemory at 0x1df48981110 of 132 bytes failed: Only part of a ReadProcessMemory or WriteProcessMemory request was completed. (0x12B)
[0508/181226.693:ERROR:process_memory_win.cc(73)] ReadMemory at 0x1df48981240 of 132 bytes failed: Only part of a ReadProcessMemory or WriteProcessMemory request was completed. (0x12B)
[0508/181226.694:ERROR:process_memory_win.cc(73)] ReadMemory at 0x1df48981370 of 132 bytes failed: Only part of a ReadProcessMemory or WriteProcessMemory request was completed. (0x12B)
[0508/181227.148:ERROR:process_memory_win.cc(73)] ReadMemory at 0x1df489814a0 of 132 bytes failed: Only part of a ReadProcessMemory or WriteProcessMemory request was completed. (0x12B)
[0508/181227.148:ERROR:process_memory_win.cc(73)] ReadMemory at 0x1df48982d00 of 246 bytes failed: Only part of a ReadProcessMemory or WriteProcessMemory request was completed. (0x12B)
[0508/181227.148:ERROR:process_memory_win.cc(73)] ReadMemory at 0x1df48982f80 of 154 bytes failed: Only part of a ReadProcessMemory or WriteProcessMemory request was completed. (0x12B)
[0508/181227.148:ERROR:process_memory_win.cc(73)] ReadMemory at 0x1df48983730 of 60 bytes failed: Only part of a ReadProcessMemory or WriteProcessMemory request was completed. (0x12B)
[0508/181227.148:ERROR:process_memory_win.cc(73)] ReadMemory at 0x1df48983a00 of 62 bytes failed: Only part of a ReadProcessMemory or WriteProcessMemory request was completed. (0x12B)
[0508/181227.149:ERROR:process_memory_win.cc(73)] ReadMemory at 0x1df48983a50 of 70 bytes failed: Only part of a ReadProcessMemory or WriteProcessMemory request was completed. (0x12B)
[0508/181227.149:ERROR:process_memory_win.cc(73)] ReadMemory at 0x1df48983d70 of 62 bytes failed: Only part of a ReadProcessMemory or WriteProcessMemory request was completed. (0x12B)
[0508/181227.149:ERROR:process_memory_win.cc(73)] ReadMemory at 0x1df48983eb0 of 68 bytes failed: Only part of a ReadProcessMemory or WriteProcessMemory request was completed. (0x12B)
[0508/181227.189:ERROR:process_memory_win.cc(73)] ReadMemory at 0x1df48984400 of 58 bytes failed: Only part of a ReadProcessMemory or WriteProcessMemory request was completed. (0x12B)
[0508/181227.250:ERROR:process_memory_win.cc(73)] ReadMemory at 0x1df489844f0 of 62 bytes failed: Only part of a ReadProcessMemory or WriteProcessMemory request was completed. (0x12B)
[0508/181227.251:ERROR:process_memory_win.cc(73)] ReadMemory at 0x1df48984890 of 132 bytes failed: Only part of a ReadProcessMemory or WriteProcessMemory request was completed. (0x12B)
[0508/181227.251:ERROR:process_memory_win.cc(73)] ReadMemory at 0x1df489849c0 of 132 bytes failed: Only part of a ReadProcessMemory or WriteProcessMemory request was completed. (0x12B)
[0508/181227.251:ERROR:process_memory_win.cc(73)] ReadMemory at 0x1df48984af0 of 132 bytes failed: Only part of a ReadProcessMemory or WriteProcessMemory request was completed. (0x12B)
[0508/181227.251:ERROR:process_memory_win.cc(73)] ReadMemory at 0x1df48984c20 of 132 bytes failed: Only part of a ReadProcessMemory or WriteProcessMemory request was completed. (0x12B)
[0508/181227.251:ERROR:process_memory_win.cc(73)] ReadMemory at 0x1df48984d50 of 132 bytes failed: Only part of a ReadProcessMemory or WriteProcessMemory request was completed. (0x12B)
[0508/181227.251:ERROR:process_memory_win.cc(73)] ReadMemory at 0x1df48984e80 of 132 bytes failed: Only part of a ReadProcessMemory or WriteProcessMemory request was completed. (0x12B)
[0508/181227.251:ERROR:process_memory_win.cc(73)] ReadMemory at 0x1df48984fb0 of 132 bytes failed: Only part of a ReadProcessMemory or WriteProcessMemory request was completed. (0x12B)
[0508/181227.252:ERROR:process_memory_win.cc(73)] ReadMemory at 0x1df489850e0 of 132 bytes failed: Only part of a ReadProcessMemory or WriteProcessMemory request was completed. (0x12B)
[0508/181227.252:ERROR:process_memory_win.cc(73)] ReadMemory at 0x1df48985210 of 132 bytes failed: Only part of a ReadProcessMemory or WriteProcessMemory request was completed. (0x12B)
[0508/181227.258:ERROR:process_memory_win.cc(73)] ReadMemory at 0x1df48985340 of 132 bytes failed: Only part of a ReadProcessMemory or WriteProcessMemory request was completed. (0x12B)
[0508/181227.303:ERROR:process_memory_win.cc(73)] ReadMemory at 0x1df48985470 of 132 bytes failed: Only part of a ReadProcessMemory or WriteProcessMemory request was completed. (0x12B)
[0508/181227.303:ERROR:process_memory_win.cc(73)] ReadMemory at 0x1df489855a0 of 132 bytes failed: Only part of a ReadProcessMemory or WriteProcessMemory request was completed. (0x12B)
[0508/181227.303:ERROR:process_memory_win.cc(73)] ReadMemory at 0x1df489856d0 of 132 bytes failed: Only part of a ReadProcessMemory or WriteProcessMemory request was completed. (0x12B)
[0508/181227.303:ERROR:process_memory_win.cc(73)] ReadMemory at 0x1df48985800 of 132 bytes failed: Only part of a ReadProcessMemory or WriteProcessMemory request was completed. (0x12B)
[0508/181227.303:ERROR:process_memory_win.cc(73)] ReadMemory at 0x1df48985930 of 132 bytes failed: Only part of a ReadProcessMemory or WriteProcessMemory request was completed. (0x12B)
[0508/181227.304:ERROR:process_memory_win.cc(73)] ReadMemory at 0x1df48985a60 of 132 bytes failed: Only part of a ReadProcessMemory or WriteProcessMemory request was completed. (0x12B)
[0508/181227.304:ERROR:process_memory_win.cc(73)] ReadMemory at 0x1df48985b90 of 132 bytes failed: Only part of a ReadProcessMemory or WriteProcessMemory request was completed. (0x12B)
[0508/181227.304:ERROR:process_memory_win.cc(73)] ReadMemory at 0x1df48985cc0 of 132 bytes failed: Only part of a ReadProcessMemory or WriteProcessMemory request was completed. (0x12B)
[0508/181227.304:ERROR:process_memory_win.cc(73)] ReadMemory at 0x1df48985df0 of 132 bytes failed: Only part of a ReadProcessMemory or WriteProcessMemory request was completed. (0x12B)
[0508/181227.304:ERROR:process_memory_win.cc(73)] ReadMemory at 0x1df48985f20 of 132 bytes failed: Only part of a ReadProcessMemory or WriteProcessMemory request was completed. (0x12B)
[0508/181227.325:ERROR:process_memory_win.cc(73)] ReadMemory at 0x1df48986050 of 132 bytes failed: Only part of a ReadProcessMemory or WriteProcessMemory request was completed. (0x12B)
[0508/181227.326:ERROR:process_memory_win.cc(73)] ReadMemory at 0x1df48986180 of 132 bytes failed: Only part of a ReadProcessMemory or WriteProcessMemory request was completed. (0x12B)
[0508/181227.326:ERROR:process_memory_win.cc(73)] ReadMemory at 0x1df489862b0 of 132 bytes failed: Only part of a ReadProcessMemory or WriteProcessMemory request was completed. (0x12B)
[0508/181227.326:ERROR:process_memory_win.cc(73)] ReadMemory at 0x1df489863e0 of 132 bytes failed: Only part of a ReadProcessMemory or WriteProcessMemory request was completed. (0x12B)
[0508/181227.326:ERROR:process_memory_win.cc(73)] ReadMemory at 0x1df48986510 of 132 bytes failed: Only part of a ReadProcessMemory or WriteProcessMemory request was completed. (0x12B)
[0508/181227.326:ERROR:process_memory_win.cc(73)] ReadMemory at 0x1df48986640 of 132 bytes failed: Only part of a ReadProcessMemory or WriteProcessMemory request was completed. (0x12B)
[0508/181227.327:ERROR:process_memory_win.cc(73)] ReadMemory at 0x1df48987030 of 58 bytes failed: Only part of a ReadProcessMemory or WriteProcessMemory request was completed. (0x12B)
[0508/181227.569:ERROR:process_memory_win.cc(73)] ReadMemory at 0x1df489870d0 of 66 bytes failed: Only part of a ReadProcessMemory or WriteProcessMemory request was completed. (0x12B)
[0508/181227.569:ERROR:process_memory_win.cc(73)] ReadMemory at 0x1df489872b0 of 60 bytes failed: Only part of a ReadProcessMemory or WriteProcessMemory request was completed. (0x12B)
[0508/181227.569:ERROR:process_memory_win.cc(73)] ReadMemory at 0x1df48987760 of 62 bytes failed: Only part of a ReadProcessMemory or WriteProcessMemory request was completed. (0x12B)
[0508/181227.569:ERROR:process_memory_win.cc(73)] ReadMemory at 0x1df489877b0 of 66 bytes failed: Only part of a ReadProcessMemory or WriteProcessMemory request was completed. (0x12B)
[0508/181227.570:ERROR:process_memory_win.cc(73)] ReadMemory at 0x1df48987a30 of 58 bytes failed: Only part of a ReadProcessMemory or WriteProcessMemory request was completed. (0x12B)
[0508/181227.570:ERROR:process_memory_win.cc(73)] ReadMemory at 0x1df48987ad0 of 64 bytes failed: Only part of a ReadProcessMemory or WriteProcessMemory request was completed. (0x12B)
[0508/181227.570:ERROR:process_memory_win.cc(73)] ReadMemory at 0x1df48987b70 of 64 bytes failed: Only part of a ReadProcessMemory or WriteProcessMemory request was completed. (0x12B)
[0508/181227.570:ERROR:process_memory_win.cc(73)] ReadMemory at 0x1df48987bc0 of 60 bytes failed: Only part of a ReadProcessMemory or WriteProcessMemory request was completed. (0x12B)
[0508/181227.570:ERROR:process_memory_win.cc(73)] ReadMemory at 0x1df48987c10 of 62 bytes failed: Only part of a ReadProcessMemory or WriteProcessMemory request was completed. (0x12B)
[0508/181227.570:ERROR:process_memory_win.cc(73)] ReadMemory at 0x1df48987d50 of 64 bytes failed: Only part of a ReadProcessMemory or WriteProcessMemory request was completed. (0x12B)
[0508/181227.570:ERROR:process_memory_win.cc(73)] ReadMemory at 0x1df48987df0 of 58 bytes failed: Only part of a ReadProcessMemory or WriteProcessMemory request was completed. (0x12B)
[0508/181227.570:ERROR:process_memory_win.cc(73)] ReadMemory at 0x1df48988ab0 of 80 bytes failed: Only part of a ReadProcessMemory or WriteProcessMemory request was completed. (0x12B)
[0508/181227.571:ERROR:process_memory_win.cc(73)] ReadMemory at 0x1df48989910 of 54 bytes failed: Only part of a ReadProcessMemory or WriteProcessMemory request was completed. (0x12B)
[0508/181227.571:ERROR:process_memory_win.cc(73)] ReadMemory at 0x1df48996a50 of 182 bytes failed: Only part of a ReadProcessMemory or WriteProcessMemory request was completed. (0x12B)
[0508/181227.571:ERROR:process_memory_win.cc(73)] ReadMemory at 0x1df489975a0 of 60 bytes failed: Only part of a ReadProcessMemory or WriteProcessMemory request was completed. (0x12B)
[0508/181227.571:ERROR:process_memory_win.cc(73)] ReadMemory at 0x1df48997730 of 60 bytes failed: Only part of a ReadProcessMemory or WriteProcessMemory request was completed. (0x12B)
[0508/181227.571:ERROR:process_memory_win.cc(73)] ReadMemory at 0x1df489978c0 of 62 bytes failed: Only part of a ReadProcessMemory or WriteProcessMemory request was completed. (0x12B)
[0508/181227.571:ERROR:process_memory_win.cc(73)] ReadMemory at 0x1df48997910 of 64 bytes failed: Only part of a ReadProcessMemory or WriteProcessMemory request was completed. (0x12B)
[0508/181227.571:ERROR:process_memory_win.cc(73)] ReadMemory at 0x1df48997af0 of 62 bytes failed: Only part of a ReadProcessMemory or WriteProcessMemory request was completed. (0x12B)
[0508/181227.571:ERROR:process_memory_win.cc(73)] ReadMemory at 0x1df48997b40 of 60 bytes failed: Only part of a ReadProcessMemory or WriteProcessMemory request was completed. (0x12B)
[0508/181227.571:ERROR:process_memory_win.cc(73)] ReadMemory at 0x1df48997b90 of 64 bytes failed: Only part of a ReadProcessMemory or WriteProcessMemory request was completed. (0x12B)
[0508/181227.572:ERROR:process_memory_win.cc(73)] ReadMemory at 0x1df48997d20 of 64 bytes failed: Only part of a ReadProcessMemory or WriteProcessMemory request was completed. (0x12B)
[0508/181227.572:ERROR:process_memory_win.cc(73)] ReadMemory at 0x1df48997e10 of 60 bytes failed: Only part of a ReadProcessMemory or WriteProcessMemory request was completed. (0x12B)
[0508/181227.572:ERROR:process_memory_win.cc(73)] ReadMemory at 0x1df48997e60 of 64 bytes failed: Only part of a ReadProcessMemory or WriteProcessMemory request was completed. (0x12B)
[0508/181227.572:ERROR:process_memory_win.cc(73)] ReadMemory at 0x1df48997eb0 of 62 bytes failed: Only part of a ReadProcessMemory or WriteProcessMemory request was completed. (0x12B)
[0508/181227.572:ERROR:process_memory_win.cc(73)] ReadMemory at 0x1df48997f00 of 58 bytes failed: Only part of a ReadProcessMemory or WriteProcessMemory request was completed. (0x12B)
[0508/181227.572:ERROR:process_memory_win.cc(73)] ReadMemory at 0x1df48997ff0 of 62 bytes failed: Only part of a ReadProcessMemory or WriteProcessMemory request was completed. (0x12B)
[0508/181227.572:ERROR:process_memory_win.cc(73)] ReadMemory at 0x1df48998180 of 56 bytes failed: Only part of a ReadProcessMemory or WriteProcessMemory request was completed. (0x12B)
[0508/181227.572:ERROR:process_memory_win.cc(73)] ReadMemory at 0x1df48998310 of 60 bytes failed: Only part of a ReadProcessMemory or WriteProcessMemory request was completed. (0x12B)
[0508/181227.729:ERROR:process_memory_win.cc(73)] ReadMemory at 0x1df48998450 of 64 bytes failed: Only part of a ReadProcessMemory or WriteProcessMemory request was completed. (0x12B)
[0508/181227.831:ERROR:process_memory_win.cc(73)] ReadMemory at 0x1df489984a0 of 62 bytes failed: Only part of a ReadProcessMemory or WriteProcessMemory request was completed. (0x12B)
[0508/181227.831:ERROR:process_memory_win.cc(73)] ReadMemory at 0x1df489984f0 of 64 bytes failed: Only part of a ReadProcessMemory or WriteProcessMemory request was completed. (0x12B)
[0508/181227.953:ERROR:process_memory_win.cc(73)] ReadMemory at 0x1df489985b0 of 132 bytes failed: Only part of a ReadProcessMemory or WriteProcessMemory request was completed. (0x12B)
[0508/181227.954:ERROR:process_memory_win.cc(73)] ReadMemory at 0x1df489986e0 of 132 bytes failed: Only part of a ReadProcessMemory or WriteProcessMemory request was completed. (0x12B)
[0508/181227.954:ERROR:process_memory_win.cc(73)] ReadMemory at 0x1df48998810 of 132 bytes failed: Only part of a ReadProcessMemory or WriteProcessMemory request was completed. (0x12B)
[0508/181227.954:ERROR:process_memory_win.cc(73)] ReadMemory at 0x1df48998940 of 132 bytes failed: Only part of a ReadProcessMemory or WriteProcessMemory request was completed. (0x12B)
[0508/181227.954:ERROR:process_memory_win.cc(73)] ReadMemory at 0x1df48998a70 of 132 bytes failed: Only part of a ReadProcessMemory or WriteProcessMemory request was completed. (0x12B)
[0508/181227.954:ERROR:process_memory_win.cc(73)] ReadMemory at 0x1df48998cd0 of 132 bytes failed: Only part of a ReadProcessMemory or WriteProcessMemory request was completed. (0x12B)
[0508/181227.954:ERROR:process_memory_win.cc(73)] ReadMemory at 0x1df48998e00 of 132 bytes failed: Only part of a ReadProcessMemory or WriteProcessMemory request was completed. (0x12B)
[0508/181227.954:ERROR:process_memory_win.cc(73)] ReadMemory at 0x1df48998f30 of 132 bytes failed: Only part of a ReadProcessMemory or WriteProcessMemory request was completed. (0x12B)
[0508/181227.977:ERROR:process_memory_win.cc(73)] ReadMemory at 0x1df48999060 of 132 bytes failed: Only part of a ReadProcessMemory or WriteProcessMemory request was completed. (0x12B)
[0508/181228.539:ERROR:process_memory_win.cc(73)] ReadMemory at 0x1df48999190 of 132 bytes failed: Only part of a ReadProcessMemory or WriteProcessMemory request was completed. (0x12B)
[0508/181228.539:ERROR:process_memory_win.cc(73)] ReadMemory at 0x1df489992c0 of 132 bytes failed: Only part of a ReadProcessMemory or WriteProcessMemory request was completed. (0x12B)
[0508/181228.539:ERROR:process_memory_win.cc(73)] ReadMemory at 0x1df489993f0 of 132 bytes failed: Only part of a ReadProcessMemory or WriteProcessMemory request was completed. (0x12B)
[0508/181228.539:ERROR:process_memory_win.cc(73)] ReadMemory at 0x1df48999520 of 132 bytes failed: Only part of a ReadProcessMemory or WriteProcessMemory request was completed. (0x12B)
[0508/181228.539:ERROR:process_memory_win.cc(73)] ReadMemory at 0x1df48999650 of 132 bytes failed: Only part of a ReadProcessMemory or WriteProcessMemory request was completed. (0x12B)
[0508/181228.540:ERROR:process_memory_win.cc(73)] ReadMemory at 0x1df48999780 of 132 bytes failed: Only part of a ReadProcessMemory or WriteProcessMemory request was completed. (0x12B)
[0508/181228.540:ERROR:process_memory_win.cc(73)] ReadMemory at 0x1df489998b0 of 132 bytes failed: Only part of a ReadProcessMemory or WriteProcessMemory request was completed. (0x12B)
[0508/181228.540:ERROR:process_memory_win.cc(73)] ReadMemory at 0x1df489999e0 of 132 bytes failed: Only part of a ReadProcessMemory or WriteProcessMemory request was completed. (0x12B)
[0508/181228.540:ERROR:process_memory_win.cc(73)] ReadMemory at 0x1df48999b10 of 132 bytes failed: Only part of a ReadProcessMemory or WriteProcessMemory request was completed. (0x12B)
[0508/181228.540:ERROR:process_memory_win.cc(73)] ReadMemory at 0x1df48999c40 of 132 bytes failed: Only part of a ReadProcessMemory or WriteProcessMemory request was completed. (0x12B)
[0508/181228.540:ERROR:process_memory_win.cc(73)] ReadMemory at 0x1df48999d70 of 132 bytes failed: Only part of a ReadProcessMemory or WriteProcessMemory request was completed. (0x12B)
[0508/181228.540:ERROR:process_memory_win.cc(73)] ReadMemory at 0x1df48999ea0 of 132 bytes failed: Only part of a ReadProcessMemory or WriteProcessMemory request was completed. (0x12B)
[0508/181228.541:ERROR:process_memory_win.cc(73)] ReadMemory at 0x1df48999fd0 of 132 bytes failed: Only part of a ReadProcessMemory or WriteProcessMemory request was completed. (0x12B)
[0508/181228.541:ERROR:process_memory_win.cc(73)] ReadMemory at 0x1df4899a100 of 132 bytes failed: Only part of a ReadProcessMemory or WriteProcessMemory request was completed. (0x12B)
[0508/181228.541:ERROR:process_memory_win.cc(73)] ReadMemory at 0x1df4899a230 of 132 bytes failed: Only part of a ReadProcessMemory or WriteProcessMemory request was completed. (0x12B)
[0508/181228.541:ERROR:process_memory_win.cc(73)] ReadMemory at 0x1df4899a360 of 132 bytes failed: Only part of a ReadProcessMemory or WriteProcessMemory request was completed. (0x12B)
[0508/181228.541:ERROR:process_memory_win.cc(73)] ReadMemory at 0x1df489a0e60 of 52 bytes failed: Only part of a ReadProcessMemory or WriteProcessMemory request was completed. (0x12B)
[0508/181228.541:ERROR:process_memory_win.cc(73)] ReadMemory at 0x1df489bcde0 of 76 bytes failed: Only part of a ReadProcessMemory or WriteProcessMemory request was completed. (0x12B)
[0508/181228.541:ERROR:process_memory_win.cc(73)] ReadMemory at 0x1df489c0010 of 58 bytes failed: Only part of a ReadProcessMemory or WriteProcessMemory request was completed. (0x12B)
[0508/181228.541:ERROR:process_memory_win.cc(73)] ReadMemory at 0x1df489c0060 of 58 bytes failed: Only part of a ReadProcessMemory or WriteProcessMemory request was completed. (0x12B)
[0508/181228.542:ERROR:process_memory_win.cc(73)] ReadMemory at 0x1df489c0240 of 60 bytes failed: Only part of a ReadProcessMemory or WriteProcessMemory request was completed. (0x12B)
[0508/181228.542:ERROR:process_memory_win.cc(73)] ReadMemory at 0x1df489c0880 of 60 bytes failed: Only part of a ReadProcessMemory or WriteProcessMemory request was completed. (0x12B)
[0508/181228.542:ERROR:process_memory_win.cc(73)] ReadMemory at 0x1df489c08d0 of 60 bytes failed: Only part of a ReadProcessMemory or WriteProcessMemory request was completed. (0x12B)
[0508/181228.542:ERROR:process_memory_win.cc(73)] ReadMemory at 0x1df489c0a10 of 56 bytes failed: Only part of a ReadProcessMemory or WriteProcessMemory request was completed. (0x12B)
[0508/181228.542:ERROR:process_memory_win.cc(73)] ReadMemory at 0x1df489c0f40 of 126 bytes failed: Only part of a ReadProcessMemory or WriteProcessMemory request was completed. (0x12B)
[0508/181228.542:ERROR:process_memory_win.cc(73)] ReadMemory at 0x1df489db6d0 of 194 bytes failed: Only part of a ReadProcessMemory or WriteProcessMemory request was completed. (0x12B)
[0508/181228.542:ERROR:process_memory_win.cc(73)] ReadMemory at 0x1df489edac0 of 64 bytes failed: Only part of a ReadProcessMemory or WriteProcessMemory request was completed. (0x12B)
[0508/181228.542:ERROR:process_memory_win.cc(73)] ReadMemory at 0x1df489ede30 of 68 bytes failed: Only part of a ReadProcessMemory or WriteProcessMemory request was completed. (0x12B)
[0508/181228.543:ERROR:process_memory_win.cc(73)] ReadMemory at 0x1df489ee100 of 62 bytes failed: Only part of a ReadProcessMemory or WriteProcessMemory request was completed. (0x12B)
[0508/181228.543:ERROR:process_memory_win.cc(73)] ReadMemory at 0x1df48a038d0 of 132 bytes failed: Only part of a ReadProcessMemory or WriteProcessMemory request was completed. (0x12B)
[0508/181228.543:ERROR:process_memory_win.cc(73)] ReadMemory at 0x1df48a04250 of 132 bytes failed: Only part of a ReadProcessMemory or WriteProcessMemory request was completed. (0x12B)
[0508/181228.543:ERROR:process_memory_win.cc(73)] ReadMemory at 0x1df48a045e0 of 132 bytes failed: Only part of a ReadProcessMemory or WriteProcessMemory request was completed. (0x12B)
[0508/181228.543:ERROR:process_memory_win.cc(73)] ReadMemory at 0x1df48a04710 of 132 bytes failed: Only part of a ReadProcessMemory or WriteProcessMemory request was completed. (0x12B)
[0508/181228.543:ERROR:process_memory_win.cc(73)] ReadMemory at 0x1df48a04e30 of 132 bytes failed: Only part of a ReadProcessMemory or WriteProcessMemory request was completed. (0x12B)
[0508/181228.543:ERROR:process_memory_win.cc(73)] ReadMemory at 0x1df48a05420 of 132 bytes failed: Only part of a ReadProcessMemory or WriteProcessMemory request was completed. (0x12B)
[0508/181228.544:ERROR:process_memory_win.cc(73)] ReadMemory at 0x1df48a05550 of 132 bytes failed: Only part of a ReadProcessMemory or WriteProcessMemory request was completed. (0x12B)
[0508/181228.544:ERROR:process_memory_win.cc(73)] ReadMemory at 0x1df48ae1000 of 512 bytes failed: Only part of a ReadProcessMemory or WriteProcessMemory request was completed. (0x12B)
[0508/181228.544:ERROR:process_memory_win.cc(73)] ReadMemory at 0x1df48b2ff80 of 512 bytes failed: Only part of a ReadProcessMemory or WriteProcessMemory request was completed. (0x12B)
[0508/181228.544:ERROR:process_memory_win.cc(73)] ReadMemory at 0x1df4a38c5b0 of 512 bytes failed: Only part of a ReadProcessMemory or WriteProcessMemory request was completed. (0x12B)
[0508/181228.544:ERROR:process_memory_win.cc(73)] ReadMemory at 0x1df4a3b90e0 of 512 bytes failed: Only part of a ReadProcessMemory or WriteProcessMemory request was completed. (0x12B)
[0508/181228.544:ERROR:process_memory_win.cc(73)] ReadMemory at 0x1df4a411b98 of 512 bytes failed: Only part of a ReadProcessMemory or WriteProcessMemory request was completed. (0x12B)
[0508/181228.544:ERROR:process_memory_win.cc(73)] ReadMemory at 0x1df511f6520 of 512 bytes failed: Only part of a ReadProcessMemory or WriteProcessMemory request was completed. (0x12B)
[0508/181228.545:ERROR:process_memory_win.cc(73)] ReadMemory at 0x1df51200840 of 62 bytes failed: Only part of a ReadProcessMemory or WriteProcessMemory request was completed. (0x12B)
[0508/181228.545:ERROR:process_memory_win.cc(73)] ReadMemory at 0x1df51200bb0 of 66 bytes failed: Only part of a ReadProcessMemory or WriteProcessMemory request was completed. (0x12B)
[0508/181228.545:ERROR:process_memory_win.cc(73)] ReadMemory at 0x1df512029c0 of 194 bytes failed: Only part of a ReadProcessMemory or WriteProcessMemory request was completed. (0x12B)
[0508/181228.545:ERROR:process_memory_win.cc(73)] ReadMemory at 0x1df51216bc0 of 512 bytes failed: Only part of a ReadProcessMemory or WriteProcessMemory request was completed. (0x12B)
[0508/181228.545:ERROR:process_memory_win.cc(73)] ReadMemory at 0x1df51225a20 of 512 bytes failed: Only part of a ReadProcessMemory or WriteProcessMemory request was completed. (0x12B)
[0508/181228.804:ERROR:process_memory_win.cc(73)] ReadMemory at 0x1df51a73190 of 512 bytes failed: Only part of a ReadProcessMemory or WriteProcessMemory request was completed. (0x12B)
[0508/181228.835:ERROR:process_memory_win.cc(73)] ReadMemory at 0x1df53231430 of 560 bytes failed: Only part of a ReadProcessMemory or WriteProcessMemory request was completed. (0x12B)
[0508/181228.835:ERROR:process_memory_win.cc(73)] ReadMemory at 0x1df54459320 of 512 bytes failed: Only part of a ReadProcessMemory or WriteProcessMemory request was completed. (0x12B)
[0508/181228.879:ERROR:process_memory_win.cc(73)] ReadMemory at 0x1df54469330 of 528 bytes failed: Only part of a ReadProcessMemory or WriteProcessMemory request was completed. (0x12B)
[0508/181228.879:ERROR:process_memory_win.cc(73)] ReadMemory at 0x1df54471bc0 of 512 bytes failed: Only part of a ReadProcessMemory or WriteProcessMemory request was completed. (0x12B)
[0508/181228.879:ERROR:process_memory_win.cc(73)] ReadMemory at 0x7ffeeec12f0f of 512 bytes failed: Only part of a ReadProcessMemory or WriteProcessMemory request was completed. (0x12B)
[0508/181228.880:ERROR:process_memory_win.cc(73)] ReadMemory at 0x7ffef1408d20 of 512 bytes failed: Only part of a ReadProcessMemory or WriteProcessMemory request was completed. (0x12B)
[0508/181228.880:ERROR:process_memory_win.cc(73)] ReadMemory at 0x7ffef14efdd8 of 512 bytes failed: Only part of a ReadProcessMemory or WriteProcessMemory request was completed. (0x12B)
[0508/181228.880:ERROR:process_memory_win.cc(73)] ReadMemory at 0x7ffef1c6c4d0 of 520 bytes failed: Only part of a ReadProcessMemory or WriteProcessMemory request was completed. (0x12B)
[0508/181228.880:ERROR:process_memory_win.cc(73)] ReadMemory at 0x7fff55f09664 of 512 bytes failed: Only part of a ReadProcessMemory or WriteProcessMemory request was completed. (0x12B)
[0508/181228.880:ERROR:process_memory_win.cc(73)] ReadMemory at 0x7fff56fe0e00 of 512 bytes failed: Only part of a ReadProcessMemory or WriteProcessMemory request was completed. (0x12B)
[0508/181228.880:ERROR:process_memory_win.cc(73)] ReadMemory at 0x7fff57770200 of 512 bytes failed: Only part of a ReadProcessMemory or WriteProcessMemory request was completed. (0x12B)
[0508/181228.880:ERROR:process_memory_win.cc(73)] ReadMemory at 0x7fff59b45757 of 512 bytes failed: Only part of a ReadProcessMemory or WriteProcessMemory request was completed. (0x12B)
[0508/181228.880:ERROR:process_memory_win.cc(73)] ReadMemory at 0x7fff59b579f0 of 512 bytes failed: Only part of a ReadProcessMemory or WriteProcessMemory request was completed. (0x12B)
[0508/181228.881:ERROR:process_memory_win.cc(73)] ReadMemory at 0x7fff59b582e0 of 512 bytes failed: Only part of a ReadProcessMemory or WriteProcessMemory request was completed. (0x12B)
[0508/181228.881:ERROR:process_memory_win.cc(73)] ReadMemory at 0x7fff59b5a0d0 of 512 bytes failed: Only part of a ReadProcessMemory or WriteProcessMemory request was completed. (0x12B)
[0508/181228.881:ERROR:process_memory_win.cc(73)] ReadMemory at 0x7fff59bca9a4 of 672 bytes failed: Only part of a ReadProcessMemory or WriteProcessMemory request was completed. (0x12B)
[0508/181228.881:ERROR:process_memory_win.cc(73)] ReadMemory at 0x7fff59bcafa4 of 512 bytes failed: Only part of a ReadProcessMemory or WriteProcessMemory request was completed. (0x12B)
[0508/181228.881:ERROR:process_memory_win.cc(73)] ReadMemory at 0x7fff59bcb474 of 512 bytes failed: Only part of a ReadProcessMemory or WriteProcessMemory request was completed. (0x12B)
[0508/181228.912:ERROR:process_memory_win.cc(73)] ReadMemory at 0x7fff59bce274 of 512 bytes failed: Only part of a ReadProcessMemory or WriteProcessMemory request was completed. (0x12B)
[0508/181228.912:ERROR:process_memory_win.cc(73)] ReadMemory at 0x7fff59c501e0 of 18 bytes failed: Only part of a ReadProcessMemory or WriteProcessMemory request was completed. (0x12B)
[0508/181228.912:ERROR:process_memory_win.cc(73)] ReadMemory at 0x7fff59c865b0 of 40 bytes failed: Only part of a ReadProcessMemory or WriteProcessMemory request was completed. (0x12B)
[0508/181228.912:ERROR:process_memory_win.cc(73)] ReadMemory at 0x7fff59c86a08 of 48 bytes failed: Only part of a ReadProcessMemory or WriteProcessMemory request was completed. (0x12B)
[0508/181228.912:ERROR:process_memory_win.cc(73)] ReadMemory at 0x7fff59c8c360 of 64 bytes failed: Only part of a ReadProcessMemory or WriteProcessMemory request was completed. (0x12B)
[0508/181229.244:ERROR:scoped_process_suspend.cc(40)] NtResumeProcess: An attempt was made to access an exiting process. (0xc000010a)
